UnauthorizedError: jwt expired
    at new UnauthorizedError (D:\www\linkinsense-home\node_modules\express-jwt\dist\errors\UnauthorizedError.js:22:28)
    at D:\www\linkinsense-home\node_modules\express-jwt\dist\index.js:139:38
    at step (D:\www\linkinsense-home\node_modules\express-jwt\dist\index.js:33:23)
    at Object.next (D:\www\linkinsense-home\node_modules\express-jwt\dist\index.js:14:53)
    at fulfilled (D:\www\linkinsense-home\node_modules\express-jwt\dist\index.js:5:58)
UnauthorizedError: jwt expired
    at new UnauthorizedError (D:\www\linkinsense-home\node_modules\express-jwt\dist\errors\UnauthorizedError.js:22:28)
    at D:\www\linkinsense-home\node_modules\express-jwt\dist\index.js:139:38
    at step (D:\www\linkinsense-home\node_modules\express-jwt\dist\index.js:33:23)
    at Object.next (D:\www\linkinsense-home\node_modules\express-jwt\dist\index.js:14:53)
    at fulfilled (D:\www\linkinsense-home\node_modules\express-jwt\dist\index.js:5:58)
UnauthorizedError: jwt expired
    at new UnauthorizedError (D:\www\linkinsense-home\node_modules\express-jwt\dist\errors\UnauthorizedError.js:22:28)
    at D:\www\linkinsense-home\node_modules\express-jwt\dist\index.js:139:38
    at step (D:\www\linkinsense-home\node_modules\express-jwt\dist\index.js:33:23)
    at Object.next (D:\www\linkinsense-home\node_modules\express-jwt\dist\index.js:14:53)
    at fulfilled (D:\www\linkinsense-home\node_modules\express-jwt\dist\index.js:5:58)
UnauthorizedError: jwt expired
    at new UnauthorizedError (D:\www\linkinsense-home\node_modules\express-jwt\dist\errors\UnauthorizedError.js:22:28)
    at D:\www\linkinsense-home\node_modules\express-jwt\dist\index.js:139:38
    at step (D:\www\linkinsense-home\node_modules\express-jwt\dist\index.js:33:23)
    at Object.next (D:\www\linkinsense-home\node_modules\express-jwt\dist\index.js:14:53)
    at fulfilled (D:\www\linkinsense-home\node_modules\express-jwt\dist\index.js:5:58)
UnauthorizedError: No authorization token was found
    at new UnauthorizedError (D:\www\linkinsense-home\node_modules\express-jwt\dist\errors\UnauthorizedError.js:22:28)
    at D:\www\linkinsense-home\node_modules\express-jwt\dist\index.js:114:39
    at step (D:\www\linkinsense-home\node_modules\express-jwt\dist\index.js:33:23)
    at Object.next (D:\www\linkinsense-home\node_modules\express-jwt\dist\index.js:14:53)
    at D:\www\linkinsense-home\node_modules\express-jwt\dist\index.js:8:71
    at new Promise (<anonymous>)
    at __awaiter (D:\www\linkinsense-home\node_modules\express-jwt\dist\index.js:4:12)
    at middleware (D:\www\linkinsense-home\node_modules\express-jwt\dist\index.js:67:16)
    at D:\www\linkinsense-home\node_modules\express-unless\dist\index.js:52:13
    at Generator.next (<anonymous>)
    at D:\www\linkinsense-home\node_modules\express-unless\dist\index.js:8:71
    at new Promise (<anonymous>)
    at __awaiter (D:\www\linkinsense-home\node_modules\express-unless\dist\index.js:4:12)
    at result (D:\www\linkinsense-home\node_modules\express-unless\dist\index.js:22:16)
    at Layer.handle [as handle_request] (D:\www\linkinsense-home\node_modules\express\lib\router\layer.js:95:5)
    at trim_prefix (D:\www\linkinsense-home\node_modules\express\lib\router\index.js:328:13)
    at D:\www\linkinsense-home\node_modules\express\lib\router\index.js:286:9
    at Function.process_params (D:\www\linkinsense-home\node_modules\express\lib\router\index.js:346:12)
    at next (D:\www\linkinsense-home\node_modules\express\lib\router\index.js:280:10)
    at urlencodedParser (D:\www\linkinsense-home\node_modules\body-parser\lib\types\urlencoded.js:91:7)
    at Layer.handle [as handle_request] (D:\www\linkinsense-home\node_modules\express\lib\router\layer.js:95:5)
    at trim_prefix (D:\www\linkinsense-home\node_modules\express\lib\router\index.js:328:13)
    at D:\www\linkinsense-home\node_modules\express\lib\router\index.js:286:9
    at Function.process_params (D:\www\linkinsense-home\node_modules\express\lib\router\index.js:346:12)
    at next (D:\www\linkinsense-home\node_modules\express\lib\router\index.js:280:10)
    at multerMiddleware (D:\www\linkinsense-home\node_modules\multer\lib\make-middleware.js:13:41)
    at Layer.handle [as handle_request] (D:\www\linkinsense-home\node_modules\express\lib\router\layer.js:95:5)
    at trim_prefix (D:\www\linkinsense-home\node_modules\express\lib\router\index.js:328:13)
    at D:\www\linkinsense-home\node_modules\express\lib\router\index.js:286:9
    at Function.process_params (D:\www\linkinsense-home\node_modules\express\lib\router\index.js:346:12)
    at next (D:\www\linkinsense-home\node_modules\express\lib\router\index.js:280:10)
    at expressInit (D:\www\linkinsense-home\node_modules\express\lib\middleware\init.js:40:5)
    at Layer.handle [as handle_request] (D:\www\linkinsense-home\node_modules\express\lib\router\layer.js:95:5)
    at trim_prefix (D:\www\linkinsense-home\node_modules\express\lib\router\index.js:328:13)
    at D:\www\linkinsense-home\node_modules\express\lib\router\index.js:286:9
    at Function.process_params (D:\www\linkinsense-home\node_modules\express\lib\router\index.js:346:12)
    at next (D:\www\linkinsense-home\node_modules\express\lib\router\index.js:280:10)
    at query (D:\www\linkinsense-home\node_modules\express\lib\middleware\query.js:45:5)
    at Layer.handle [as handle_request] (D:\www\linkinsense-home\node_modules\express\lib\router\layer.js:95:5)
    at trim_prefix (D:\www\linkinsense-home\node_modules\express\lib\router\index.js:328:13)
    at D:\www\linkinsense-home\node_modules\express\lib\router\index.js:286:9
    at Function.process_params (D:\www\linkinsense-home\node_modules\express\lib\router\index.js:346:12)
    at next (D:\www\linkinsense-home\node_modules\express\lib\router\index.js:280:10)
    at Function.handle (D:\www\linkinsense-home\node_modules\express\lib\router\index.js:175:3)
    at Function.handle (D:\www\linkinsense-home\node_modules\express\lib\application.js:181:10)
    at call (D:\www\linkinsense-home\node_modules\connect\index.js:239:7)
    at next (D:\www\linkinsense-home\node_modules\connect\index.js:183:5)
    at next (D:\www\linkinsense-home\node_modules\connect\index.js:161:14)
    at WebpackBundler.middleware (D:\www\linkinsense-home\node_modules\@nuxt\webpack\dist\webpack.js:2194:5)
UnauthorizedError: No authorization token was found
    at new UnauthorizedError (D:\www\linkinsense-home\node_modules\express-jwt\dist\errors\UnauthorizedError.js:22:28)
    at D:\www\linkinsense-home\node_modules\express-jwt\dist\index.js:114:39
    at step (D:\www\linkinsense-home\node_modules\express-jwt\dist\index.js:33:23)
    at Object.next (D:\www\linkinsense-home\node_modules\express-jwt\dist\index.js:14:53)
    at D:\www\linkinsense-home\node_modules\express-jwt\dist\index.js:8:71
    at new Promise (<anonymous>)
    at __awaiter (D:\www\linkinsense-home\node_modules\express-jwt\dist\index.js:4:12)
    at middleware (D:\www\linkinsense-home\node_modules\express-jwt\dist\index.js:67:16)
    at D:\www\linkinsense-home\node_modules\express-unless\dist\index.js:52:13
    at Generator.next (<anonymous>)
    at D:\www\linkinsense-home\node_modules\express-unless\dist\index.js:8:71
    at new Promise (<anonymous>)
    at __awaiter (D:\www\linkinsense-home\node_modules\express-unless\dist\index.js:4:12)
    at result (D:\www\linkinsense-home\node_modules\express-unless\dist\index.js:22:16)
    at Layer.handle [as handle_request] (D:\www\linkinsense-home\node_modules\express\lib\router\layer.js:95:5)
    at trim_prefix (D:\www\linkinsense-home\node_modules\express\lib\router\index.js:328:13)
    at D:\www\linkinsense-home\node_modules\express\lib\router\index.js:286:9
    at Function.process_params (D:\www\linkinsense-home\node_modules\express\lib\router\index.js:346:12)
    at next (D:\www\linkinsense-home\node_modules\express\lib\router\index.js:280:10)
    at urlencodedParser (D:\www\linkinsense-home\node_modules\body-parser\lib\types\urlencoded.js:91:7)
    at Layer.handle [as handle_request] (D:\www\linkinsense-home\node_modules\express\lib\router\layer.js:95:5)
    at trim_prefix (D:\www\linkinsense-home\node_modules\express\lib\router\index.js:328:13)
    at D:\www\linkinsense-home\node_modules\express\lib\router\index.js:286:9
    at Function.process_params (D:\www\linkinsense-home\node_modules\express\lib\router\index.js:346:12)
    at next (D:\www\linkinsense-home\node_modules\express\lib\router\index.js:280:10)
    at multerMiddleware (D:\www\linkinsense-home\node_modules\multer\lib\make-middleware.js:13:41)
    at Layer.handle [as handle_request] (D:\www\linkinsense-home\node_modules\express\lib\router\layer.js:95:5)
    at trim_prefix (D:\www\linkinsense-home\node_modules\express\lib\router\index.js:328:13)
    at D:\www\linkinsense-home\node_modules\express\lib\router\index.js:286:9
    at Function.process_params (D:\www\linkinsense-home\node_modules\express\lib\router\index.js:346:12)
    at next (D:\www\linkinsense-home\node_modules\express\lib\router\index.js:280:10)
    at expressInit (D:\www\linkinsense-home\node_modules\express\lib\middleware\init.js:40:5)
    at Layer.handle [as handle_request] (D:\www\linkinsense-home\node_modules\express\lib\router\layer.js:95:5)
    at trim_prefix (D:\www\linkinsense-home\node_modules\express\lib\router\index.js:328:13)
    at D:\www\linkinsense-home\node_modules\express\lib\router\index.js:286:9
    at Function.process_params (D:\www\linkinsense-home\node_modules\express\lib\router\index.js:346:12)
    at next (D:\www\linkinsense-home\node_modules\express\lib\router\index.js:280:10)
    at query (D:\www\linkinsense-home\node_modules\express\lib\middleware\query.js:45:5)
    at Layer.handle [as handle_request] (D:\www\linkinsense-home\node_modules\express\lib\router\layer.js:95:5)
    at trim_prefix (D:\www\linkinsense-home\node_modules\express\lib\router\index.js:328:13)
    at D:\www\linkinsense-home\node_modules\express\lib\router\index.js:286:9
    at Function.process_params (D:\www\linkinsense-home\node_modules\express\lib\router\index.js:346:12)
    at next (D:\www\linkinsense-home\node_modules\express\lib\router\index.js:280:10)
    at Function.handle (D:\www\linkinsense-home\node_modules\express\lib\router\index.js:175:3)
    at Function.handle (D:\www\linkinsense-home\node_modules\express\lib\application.js:181:10)
    at call (D:\www\linkinsense-home\node_modules\connect\index.js:239:7)
    at next (D:\www\linkinsense-home\node_modules\connect\index.js:183:5)
    at next (D:\www\linkinsense-home\node_modules\connect\index.js:161:14)
    at WebpackBundler.middleware (D:\www\linkinsense-home\node_modules\@nuxt\webpack\dist\webpack.js:2194:5)
UnauthorizedError: No authorization token was found
    at new UnauthorizedError (D:\www\linkinsense-home\node_modules\express-jwt\dist\errors\UnauthorizedError.js:22:28)
    at D:\www\linkinsense-home\node_modules\express-jwt\dist\index.js:114:39
    at step (D:\www\linkinsense-home\node_modules\express-jwt\dist\index.js:33:23)
    at Object.next (D:\www\linkinsense-home\node_modules\express-jwt\dist\index.js:14:53)
    at D:\www\linkinsense-home\node_modules\express-jwt\dist\index.js:8:71
    at new Promise (<anonymous>)
    at __awaiter (D:\www\linkinsense-home\node_modules\express-jwt\dist\index.js:4:12)
    at middleware (D:\www\linkinsense-home\node_modules\express-jwt\dist\index.js:67:16)
    at D:\www\linkinsense-home\node_modules\express-unless\dist\index.js:52:13
    at Generator.next (<anonymous>)
    at D:\www\linkinsense-home\node_modules\express-unless\dist\index.js:8:71
    at new Promise (<anonymous>)
    at __awaiter (D:\www\linkinsense-home\node_modules\express-unless\dist\index.js:4:12)
    at result (D:\www\linkinsense-home\node_modules\express-unless\dist\index.js:22:16)
    at Layer.handle [as handle_request] (D:\www\linkinsense-home\node_modules\express\lib\router\layer.js:95:5)
    at trim_prefix (D:\www\linkinsense-home\node_modules\express\lib\router\index.js:328:13)
    at D:\www\linkinsense-home\node_modules\express\lib\router\index.js:286:9
    at Function.process_params (D:\www\linkinsense-home\node_modules\express\lib\router\index.js:346:12)
    at next (D:\www\linkinsense-home\node_modules\express\lib\router\index.js:280:10)
    at urlencodedParser (D:\www\linkinsense-home\node_modules\body-parser\lib\types\urlencoded.js:91:7)
    at Layer.handle [as handle_request] (D:\www\linkinsense-home\node_modules\express\lib\router\layer.js:95:5)
    at trim_prefix (D:\www\linkinsense-home\node_modules\express\lib\router\index.js:328:13)
    at D:\www\linkinsense-home\node_modules\express\lib\router\index.js:286:9
    at Function.process_params (D:\www\linkinsense-home\node_modules\express\lib\router\index.js:346:12)
    at next (D:\www\linkinsense-home\node_modules\express\lib\router\index.js:280:10)
    at multerMiddleware (D:\www\linkinsense-home\node_modules\multer\lib\make-middleware.js:13:41)
    at Layer.handle [as handle_request] (D:\www\linkinsense-home\node_modules\express\lib\router\layer.js:95:5)
    at trim_prefix (D:\www\linkinsense-home\node_modules\express\lib\router\index.js:328:13)
    at D:\www\linkinsense-home\node_modules\express\lib\router\index.js:286:9
    at Function.process_params (D:\www\linkinsense-home\node_modules\express\lib\router\index.js:346:12)
    at next (D:\www\linkinsense-home\node_modules\express\lib\router\index.js:280:10)
    at expressInit (D:\www\linkinsense-home\node_modules\express\lib\middleware\init.js:40:5)
    at Layer.handle [as handle_request] (D:\www\linkinsense-home\node_modules\express\lib\router\layer.js:95:5)
    at trim_prefix (D:\www\linkinsense-home\node_modules\express\lib\router\index.js:328:13)
    at D:\www\linkinsense-home\node_modules\express\lib\router\index.js:286:9
    at Function.process_params (D:\www\linkinsense-home\node_modules\express\lib\router\index.js:346:12)
    at next (D:\www\linkinsense-home\node_modules\express\lib\router\index.js:280:10)
    at query (D:\www\linkinsense-home\node_modules\express\lib\middleware\query.js:45:5)
    at Layer.handle [as handle_request] (D:\www\linkinsense-home\node_modules\express\lib\router\layer.js:95:5)
    at trim_prefix (D:\www\linkinsense-home\node_modules\express\lib\router\index.js:328:13)
    at D:\www\linkinsense-home\node_modules\express\lib\router\index.js:286:9
    at Function.process_params (D:\www\linkinsense-home\node_modules\express\lib\router\index.js:346:12)
    at next (D:\www\linkinsense-home\node_modules\express\lib\router\index.js:280:10)
    at Function.handle (D:\www\linkinsense-home\node_modules\express\lib\router\index.js:175:3)
    at Function.handle (D:\www\linkinsense-home\node_modules\express\lib\application.js:181:10)
    at call (D:\www\linkinsense-home\node_modules\connect\index.js:239:7)
    at next (D:\www\linkinsense-home\node_modules\connect\index.js:183:5)
    at next (D:\www\linkinsense-home\node_modules\connect\index.js:161:14)
    at WebpackBundler.middleware (D:\www\linkinsense-home\node_modules\@nuxt\webpack\dist\webpack.js:2194:5)
UnauthorizedError: No authorization token was found
    at new UnauthorizedError (D:\www\linkinsense-home\node_modules\express-jwt\dist\errors\UnauthorizedError.js:22:28)
    at D:\www\linkinsense-home\node_modules\express-jwt\dist\index.js:114:39
    at step (D:\www\linkinsense-home\node_modules\express-jwt\dist\index.js:33:23)
    at Object.next (D:\www\linkinsense-home\node_modules\express-jwt\dist\index.js:14:53)
    at D:\www\linkinsense-home\node_modules\express-jwt\dist\index.js:8:71
    at new Promise (<anonymous>)
    at __awaiter (D:\www\linkinsense-home\node_modules\express-jwt\dist\index.js:4:12)
    at middleware (D:\www\linkinsense-home\node_modules\express-jwt\dist\index.js:67:16)
    at D:\www\linkinsense-home\node_modules\express-unless\dist\index.js:52:13
    at Generator.next (<anonymous>)
    at D:\www\linkinsense-home\node_modules\express-unless\dist\index.js:8:71
    at new Promise (<anonymous>)
    at __awaiter (D:\www\linkinsense-home\node_modules\express-unless\dist\index.js:4:12)
    at result (D:\www\linkinsense-home\node_modules\express-unless\dist\index.js:22:16)
    at Layer.handle [as handle_request] (D:\www\linkinsense-home\node_modules\express\lib\router\layer.js:95:5)
    at trim_prefix (D:\www\linkinsense-home\node_modules\express\lib\router\index.js:328:13)
    at D:\www\linkinsense-home\node_modules\express\lib\router\index.js:286:9
    at Function.process_params (D:\www\linkinsense-home\node_modules\express\lib\router\index.js:346:12)
    at next (D:\www\linkinsense-home\node_modules\express\lib\router\index.js:280:10)
    at urlencodedParser (D:\www\linkinsense-home\node_modules\body-parser\lib\types\urlencoded.js:91:7)
    at Layer.handle [as handle_request] (D:\www\linkinsense-home\node_modules\express\lib\router\layer.js:95:5)
    at trim_prefix (D:\www\linkinsense-home\node_modules\express\lib\router\index.js:328:13)
    at D:\www\linkinsense-home\node_modules\express\lib\router\index.js:286:9
    at Function.process_params (D:\www\linkinsense-home\node_modules\express\lib\router\index.js:346:12)
    at next (D:\www\linkinsense-home\node_modules\express\lib\router\index.js:280:10)
    at multerMiddleware (D:\www\linkinsense-home\node_modules\multer\lib\make-middleware.js:13:41)
    at Layer.handle [as handle_request] (D:\www\linkinsense-home\node_modules\express\lib\router\layer.js:95:5)
    at trim_prefix (D:\www\linkinsense-home\node_modules\express\lib\router\index.js:328:13)
    at D:\www\linkinsense-home\node_modules\express\lib\router\index.js:286:9
    at Function.process_params (D:\www\linkinsense-home\node_modules\express\lib\router\index.js:346:12)
    at next (D:\www\linkinsense-home\node_modules\express\lib\router\index.js:280:10)
    at expressInit (D:\www\linkinsense-home\node_modules\express\lib\middleware\init.js:40:5)
    at Layer.handle [as handle_request] (D:\www\linkinsense-home\node_modules\express\lib\router\layer.js:95:5)
    at trim_prefix (D:\www\linkinsense-home\node_modules\express\lib\router\index.js:328:13)
    at D:\www\linkinsense-home\node_modules\express\lib\router\index.js:286:9
    at Function.process_params (D:\www\linkinsense-home\node_modules\express\lib\router\index.js:346:12)
    at next (D:\www\linkinsense-home\node_modules\express\lib\router\index.js:280:10)
    at query (D:\www\linkinsense-home\node_modules\express\lib\middleware\query.js:45:5)
    at Layer.handle [as handle_request] (D:\www\linkinsense-home\node_modules\express\lib\router\layer.js:95:5)
    at trim_prefix (D:\www\linkinsense-home\node_modules\express\lib\router\index.js:328:13)
    at D:\www\linkinsense-home\node_modules\express\lib\router\index.js:286:9
    at Function.process_params (D:\www\linkinsense-home\node_modules\express\lib\router\index.js:346:12)
    at next (D:\www\linkinsense-home\node_modules\express\lib\router\index.js:280:10)
    at Function.handle (D:\www\linkinsense-home\node_modules\express\lib\router\index.js:175:3)
    at Function.handle (D:\www\linkinsense-home\node_modules\express\lib\application.js:181:10)
    at call (D:\www\linkinsense-home\node_modules\connect\index.js:239:7)
    at next (D:\www\linkinsense-home\node_modules\connect\index.js:183:5)
    at next (D:\www\linkinsense-home\node_modules\connect\index.js:161:14)
    at WebpackBundler.middleware (D:\www\linkinsense-home\node_modules\@nuxt\webpack\dist\webpack.js:2194:5)
127.0.0.1 - - [19/May/2023:01:47:07 +0000] "POST /server/sign?_t=1684460827674 HTTP/1.1" 200 445 "http://localhost:3000/login" "Mozilla/5.0 (Windows NT 10.0; Win64; x64) AppleWebKit/537.36 (KHTML, like Gecko) Chrome/113.0.0.0 Safari/537.36"
127.0.0.1 - - [19/May/2023:01:47:20 +0000] "GET /server/goods/list/1?_t=1684460840094 HTTP/1.1" 200 72 "http://localhost:3000/console" "Mozilla/5.0 (Windows NT 10.0; Win64; x64) AppleWebKit/537.36 (KHTML, like Gecko) Chrome/113.0.0.0 Safari/537.36"
127.0.0.1 - - [19/May/2023:01:47:20 +0000] "GET /server/console/project?_t=1684460840094&limit=3 HTTP/1.1" 200 409 "http://localhost:3000/console" "Mozilla/5.0 (Windows NT 10.0; Win64; x64) AppleWebKit/537.36 (KHTML, like Gecko) Chrome/113.0.0.0 Safari/537.36"
127.0.0.1 - - [19/May/2023:01:47:23 +0000] "GET /server/owner/page?_t=1684460843145&searchWord=&pageIndex=1&pageSize=10&total=0 HTTP/1.1" 200 150 "http://localhost:3000/console/more/userManage" "Mozilla/5.0 (Windows NT 10.0; Win64; x64) AppleWebKit/537.36 (KHTML, like Gecko) Chrome/113.0.0.0 Safari/537.36"
127.0.0.1 - - [19/May/2023:01:47:23 +0000] "GET /server/owner/account/page?_t=1684460843145&searchWord=&pageIndex=1&pageSize=10&total=0 HTTP/1.1" 200 415 "http://localhost:3000/console/more/userManage" "Mozilla/5.0 (Windows NT 10.0; Win64; x64) AppleWebKit/537.36 (KHTML, like Gecko) Chrome/113.0.0.0 Safari/537.36"
127.0.0.1 - - [19/May/2023:01:47:23 +0000] "GET /server/owner/contract/page?_t=1684460843145&searchWord=&pageIndex=1&pageSize=10&total=0 HTTP/1.1" 200 203 "http://localhost:3000/console/more/userManage" "Mozilla/5.0 (Windows NT 10.0; Win64; x64) AppleWebKit/537.36 (KHTML, like Gecko) Chrome/113.0.0.0 Safari/537.36"
127.0.0.1 - - [19/May/2023:01:47:23 +0000] "GET /server/owner/project/page?_t=1684460843145&searchWord=&pageIndex=1&pageSize=10&total=0 HTTP/1.1" 200 1696 "http://localhost:3000/console/more/userManage" "Mozilla/5.0 (Windows NT 10.0; Win64; x64) AppleWebKit/537.36 (KHTML, like Gecko) Chrome/113.0.0.0 Safari/537.36"
127.0.0.1 - - [19/May/2023:01:49:34 +0000] "GET /server/owner/page?_t=1684460974263&searchWord=&pageIndex=1&pageSize=10&total=0 HTTP/1.1" 200 150 "http://localhost:3000/console/more/userManage" "Mozilla/5.0 (Windows NT 10.0; Win64; x64) AppleWebKit/537.36 (KHTML, like Gecko) Chrome/113.0.0.0 Safari/537.36"
127.0.0.1 - - [19/May/2023:01:49:34 +0000] "GET /server/owner/contract/page?_t=1684460974263&searchWord=&pageIndex=1&pageSize=10&total=0 HTTP/1.1" 200 203 "http://localhost:3000/console/more/userManage" "Mozilla/5.0 (Windows NT 10.0; Win64; x64) AppleWebKit/537.36 (KHTML, like Gecko) Chrome/113.0.0.0 Safari/537.36"
127.0.0.1 - - [19/May/2023:01:49:34 +0000] "GET /server/owner/account/page?_t=1684460974263&searchWord=&pageIndex=1&pageSize=10&total=0 HTTP/1.1" 200 415 "http://localhost:3000/console/more/userManage" "Mozilla/5.0 (Windows NT 10.0; Win64; x64) AppleWebKit/537.36 (KHTML, like Gecko) Chrome/113.0.0.0 Safari/537.36"
127.0.0.1 - - [19/May/2023:01:49:34 +0000] "GET /server/owner/project/page?_t=1684460974263&searchWord=&pageIndex=1&pageSize=10&total=0 HTTP/1.1" 200 1696 "http://localhost:3000/console/more/userManage" "Mozilla/5.0 (Windows NT 10.0; Win64; x64) AppleWebKit/537.36 (KHTML, like Gecko) Chrome/113.0.0.0 Safari/537.36"
127.0.0.1 - - [19/May/2023:01:50:00 +0000] "GET /server/owner/project/page?_t=1684460999951&searchWord=&pageIndex=2&pageSize=10&total=13 HTTP/1.1" 200 400 "http://localhost:3000/console/more/userManage" "Mozilla/5.0 (Windows NT 10.0; Win64; x64) AppleWebKit/537.36 (KHTML, like Gecko) Chrome/113.0.0.0 Safari/537.36"
127.0.0.1 - - [19/May/2023:01:50:02 +0000] "GET /server/owner/project/page?_t=1684461001980&searchWord=&pageIndex=1&pageSize=10&total=13 HTTP/1.1" 200 1696 "http://localhost:3000/console/more/userManage" "Mozilla/5.0 (Windows NT 10.0; Win64; x64) AppleWebKit/537.36 (KHTML, like Gecko) Chrome/113.0.0.0 Safari/537.36"
